<?xml version="1.0" encoding="UTF-8"?>
<!-- Generated by org.testng.reporters.JUnitXMLReporter -->
<testsuite ignored="0" hostname="Insemi-539" failures="1" tests="85" name="Test" time="232.9" errors="0" timestamp="2025-03-27T12:40:46 IST">
  <testcase classname="testcases.Headermenu_TC" name="@BeforeMethod perform_loginFor_QAaccount_allAccess" time="21.892">
    <failure type="org.openqa.selenium.TimeoutException" message="Expected condition failed: waiting for visibility of Proxy element for: DefaultElementLocator &amp;apos;By.xpath: //button[normalize-space()=&amp;apos;View Profile&amp;apos;]&amp;apos; (tried for 15 second(s) with 500 milliseconds interval)">
      <![CDATA[org.openqa.selenium.TimeoutException: Expected condition failed: waiting for visibility of Proxy element for: DefaultElementLocator 'By.xpath: //button[normalize-space()='View Profile']' (tried for 15 second(s) with 500 milliseconds interval)
at org.openqa.selenium.support.ui.WebDriverWait.timeoutException(WebDriverWait.java:84)
at org.openqa.selenium.support.ui.FluentWait.until(FluentWait.java:230)
at utils.GeneralUtilities.visibility_wait_utility(GeneralUtilities.java:39)
at pageObjects.loginPage.LoginPage_PG.visibility_ofElement_in_Dashboard(LoginPage_PG.java:51)
at testcases.Headermenu_TC.perform_loginFor_QAaccount_allAccess(Headermenu_TC.java:46)
at java.base/java.util.ArrayList.forEach(ArrayList.java:1511)
Caused by: org.openqa.selenium.NoSuchElementException: no such element: Unable to locate element: {"method":"xpath","selector":"//button[normalize-space()='View Profile']"}
  (Session info: chrome=134.0.6998.166)
For documentation on this error, please visit: https://www.selenium.dev/documentation/webdriver/troubleshooting/errors#no-such-element-exception
Build info: version: '4.10.0', revision: 'c14d967899'
System info: os.name: 'Windows 10', os.arch: 'amd64', os.version: '10.0', java.version: '17.0.9'
Driver info: org.openqa.selenium.chrome.ChromeDriver
Command: [43bf54bd346ecbef7acdb23ff85e90d7, findElement {using=xpath, value=//button[normalize-space()='View Profile']}]
Capabilities {acceptInsecureCerts: false, browserName: chrome, browserVersion: 134.0.6998.166, chrome: {chromedriverVersion: 134.0.6998.165 (fd886e2cb29..., userDataDir: C:\Users\Insemi\AppData\Loc...}, fedcm:accounts: true, goog:chromeOptions: {debuggerAddress: localhost:56076}, networkConnectionEnabled: false, pageLoadStrategy: normal, platformName: windows, proxy: Proxy(), se:cdp: ws://localhost:56076/devtoo..., se:cdpVersion: 134.0.6998.166, setWindowRect: true, strictFileInteractability: false, timeouts: {implicit: 0, pageLoad: 300000, script: 30000}, unhandledPromptBehavior: dismiss and notify, webauthn:extension:credBlob: true, webauthn:extension:largeBlob: true, webauthn:extension:minPinLength: true, webauthn:extension:prf: true, webauthn:virtualAuthenticators: true}
Session ID: 43bf54bd346ecbef7acdb23ff85e90d7
at org.openqa.selenium.remote.codec.w3c.W3CHttpResponseCodec.createException(W3CHttpResponseCodec.java:199)
at org.openqa.selenium.remote.codec.w3c.W3CHttpResponseCodec.decode(W3CHttpResponseCodec.java:132)
at org.openqa.selenium.remote.codec.w3c.W3CHttpResponseCodec.decode(W3CHttpResponseCodec.java:51)
at org.openqa.selenium.remote.HttpCommandExecutor.execute(HttpCommandExecutor.java:191)
at org.openqa.selenium.remote.service.DriverCommandExecutor.invokeExecute(DriverCommandExecutor.java:196)
at org.openqa.selenium.remote.service.DriverCommandExecutor.execute(DriverCommandExecutor.java:171)
at org.openqa.selenium.remote.RemoteWebDriver.execute(RemoteWebDriver.java:531)
at org.openqa.selenium.remote.ElementLocation$ElementFinder$2.findElement(ElementLocation.java:165)
at org.openqa.selenium.remote.ElementLocation.findElement(ElementLocation.java:59)
at org.openqa.selenium.remote.RemoteWebDriver.findElement(RemoteWebDriver.java:350)
at org.openqa.selenium.remote.RemoteWebDriver.findElement(RemoteWebDriver.java:344)
at org.openqa.selenium.support.pagefactory.DefaultElementLocator.findElement(DefaultElementLocator.java:68)
at org.openqa.selenium.support.pagefactory.internal.LocatingElementHandler.invoke(LocatingElementHandler.java:38)
at jdk.proxy2/jdk.proxy2.$Proxy20.isDisplayed(Unknown Source)
at org.openqa.selenium.support.ui.ExpectedConditions.elementIfVisible(ExpectedConditions.java:304)
at org.openqa.selenium.support.ui.ExpectedConditions.access$000(ExpectedConditions.java:37)
at org.openqa.selenium.support.ui.ExpectedConditions$10.apply(ExpectedConditions.java:290)
at org.openqa.selenium.support.ui.ExpectedConditions$10.apply(ExpectedConditions.java:287)
at org.openqa.selenium.support.ui.FluentWait.until(FluentWait.java:205)
... 34 more
... Removed 35 stack frames]]>
    </failure>
  </testcase> <!-- @BeforeMethod perform_loginFor_QAaccount_allAccess -->
  <testcase classname="base.BaseClass" name="@BeforeMethod beforeMethod" time="-1.743059445454E9">
    <skipped/>
  </testcase> <!-- @BeforeMethod beforeMethod -->
  <testcase classname="testcases.Headermenu_TC" name="@BeforeMethod perform_loginFor_QAaccount_allAccess" time="-1.743059445454E9">
    <skipped/>
  </testcase> <!-- @BeforeMethod perform_loginFor_QAaccount_allAccess -->
  <testcase classname="base.BaseClass" name="@BeforeMethod beforeMethod" time="-1.74305944546E9">
    <skipped/>
  </testcase> <!-- @BeforeMethod beforeMethod -->
  <testcase classname="testcases.Headermenu_TC" name="@BeforeMethod perform_loginFor_QAaccount_allAccess" time="-1.743059445461E9">
    <skipped/>
  </testcase> <!-- @BeforeMethod perform_loginFor_QAaccount_allAccess -->
  <testcase classname="base.BaseClass" name="@BeforeMethod beforeMethod" time="-1.743059445465E9">
    <skipped/>
  </testcase> <!-- @BeforeMethod beforeMethod -->
  <testcase classname="testcases.Headermenu_TC" name="@BeforeMethod perform_loginFor_QAaccount_allAccess" time="-1.743059445466E9">
    <skipped/>
  </testcase> <!-- @BeforeMethod perform_loginFor_QAaccount_allAccess -->
  <testcase classname="base.BaseClass" name="@BeforeMethod beforeMethod" time="-1.743059445473E9">
    <skipped/>
  </testcase> <!-- @BeforeMethod beforeMethod -->
  <testcase classname="testcases.Headermenu_TC" name="@BeforeMethod perform_loginFor_QAaccount_allAccess" time="-1.743059445474E9">
    <skipped/>
  </testcase> <!-- @BeforeMethod perform_loginFor_QAaccount_allAccess -->
  <testcase classname="base.BaseClass" name="@BeforeMethod beforeMethod" time="-1.743059445479E9">
    <skipped/>
  </testcase> <!-- @BeforeMethod beforeMethod -->
  <testcase classname="testcases.Headermenu_TC" name="@BeforeMethod perform_loginFor_QAaccount_allAccess" time="-1.74305944548E9">
    <skipped/>
  </testcase> <!-- @BeforeMethod perform_loginFor_QAaccount_allAccess -->
  <testcase classname="base.BaseClass" name="@BeforeMethod beforeMethod" time="-1.743059445488E9">
    <skipped/>
  </testcase> <!-- @BeforeMethod beforeMethod -->
  <testcase classname="testcases.Headermenu_TC" name="@BeforeMethod perform_loginFor_QAaccount_allAccess" time="-1.743059445489E9">
    <skipped/>
  </testcase> <!-- @BeforeMethod perform_loginFor_QAaccount_allAccess -->
  <testcase classname="base.BaseClass" name="@BeforeMethod beforeMethod" time="-1.743059445496E9">
    <skipped/>
  </testcase> <!-- @BeforeMethod beforeMethod -->
  <testcase classname="testcases.Headermenu_TC" name="@BeforeMethod perform_loginFor_QAaccount_allAccess" time="-1.743059445496E9">
    <skipped/>
  </testcase> <!-- @BeforeMethod perform_loginFor_QAaccount_allAccess -->
  <testcase classname="base.BaseClass" name="@BeforeMethod beforeMethod" time="-1.743059445502E9">
    <skipped/>
  </testcase> <!-- @BeforeMethod beforeMethod -->
  <testcase classname="testcases.Headermenu_TC" name="@BeforeMethod perform_loginFor_QAaccount_allAccess" time="-1.743059445503E9">
    <skipped/>
  </testcase> <!-- @BeforeMethod perform_loginFor_QAaccount_allAccess -->
  <testcase classname="base.BaseClass" name="@BeforeMethod beforeMethod" time="-1.743059445507E9">
    <skipped/>
  </testcase> <!-- @BeforeMethod beforeMethod -->
  <testcase classname="testcases.Headermenu_TC" name="@BeforeMethod perform_loginFor_QAaccount_allAccess" time="-1.743059445508E9">
    <skipped/>
  </testcase> <!-- @BeforeMethod perform_loginFor_QAaccount_allAccess -->
  <testcase classname="base.BaseClass" name="@BeforeMethod beforeMethod" time="-1.743059445512E9">
    <skipped/>
  </testcase> <!-- @BeforeMethod beforeMethod -->
  <testcase classname="testcases.Headermenu_TC" name="@BeforeMethod perform_loginFor_QAaccount_allAccess" time="-1.743059445513E9">
    <skipped/>
  </testcase> <!-- @BeforeMethod perform_loginFor_QAaccount_allAccess -->
  <testcase classname="base.BaseClass" name="@BeforeMethod beforeMethod" time="-1.743059445518E9">
    <skipped/>
  </testcase> <!-- @BeforeMethod beforeMethod -->
  <testcase classname="testcases.Headermenu_TC" name="@BeforeMethod perform_loginFor_QAaccount_allAccess" time="-1.743059445519E9">
    <skipped/>
  </testcase> <!-- @BeforeMethod perform_loginFor_QAaccount_allAccess -->
  <testcase classname="base.BaseClass" name="@BeforeMethod beforeMethod" time="-1.743059445526E9">
    <skipped/>
  </testcase> <!-- @BeforeMethod beforeMethod -->
  <testcase classname="testcases.Headermenu_TC" name="@BeforeMethod perform_loginFor_QAaccount_allAccess" time="-1.743059445527E9">
    <skipped/>
  </testcase> <!-- @BeforeMethod perform_loginFor_QAaccount_allAccess -->
  <testcase classname="base.BaseClass" name="@BeforeMethod beforeMethod" time="-1.743059445533E9">
    <skipped/>
  </testcase> <!-- @BeforeMethod beforeMethod -->
  <testcase classname="testcases.Headermenu_TC" name="@BeforeMethod perform_loginFor_QAaccount_allAccess" time="-1.743059445534E9">
    <skipped/>
  </testcase> <!-- @BeforeMethod perform_loginFor_QAaccount_allAccess -->
  <testcase classname="base.BaseClass" name="@BeforeMethod beforeMethod" time="-1.743059445538E9">
    <skipped/>
  </testcase> <!-- @BeforeMethod beforeMethod -->
  <testcase classname="testcases.Headermenu_TC" name="@BeforeMethod perform_loginFor_QAaccount_allAccess" time="-1.743059445539E9">
    <skipped/>
  </testcase> <!-- @BeforeMethod perform_loginFor_QAaccount_allAccess -->
  <testcase classname="base.BaseClass" name="@BeforeMethod beforeMethod" time="-1.743059445543E9">
    <skipped/>
  </testcase> <!-- @BeforeMethod beforeMethod -->
  <testcase classname="testcases.Headermenu_TC" name="@BeforeMethod perform_loginFor_QAaccount_allAccess" time="-1.743059445544E9">
    <skipped/>
  </testcase> <!-- @BeforeMethod perform_loginFor_QAaccount_allAccess -->
  <testcase classname="base.BaseClass" name="@BeforeMethod beforeMethod" time="-1.74305944555E9">
    <skipped/>
  </testcase> <!-- @BeforeMethod beforeMethod -->
  <testcase classname="testcases.Headermenu_TC" name="@BeforeMethod perform_loginFor_QAaccount_allAccess" time="-1.743059445551E9">
    <skipped/>
  </testcase> <!-- @BeforeMethod perform_loginFor_QAaccount_allAccess -->
  <testcase classname="base.BaseClass" name="@BeforeMethod beforeMethod" time="-1.743059445555E9">
    <skipped/>
  </testcase> <!-- @BeforeMethod beforeMethod -->
  <testcase classname="testcases.Headermenu_TC" name="@BeforeMethod perform_loginFor_QAaccount_allAccess" time="-1.743059445556E9">
    <skipped/>
  </testcase> <!-- @BeforeMethod perform_loginFor_QAaccount_allAccess -->
  <testcase classname="base.BaseClass" name="@BeforeMethod beforeMethod" time="-1.743059445561E9">
    <skipped/>
  </testcase> <!-- @BeforeMethod beforeMethod -->
  <testcase classname="testcases.Headermenu_TC" name="@BeforeMethod perform_loginFor_QAaccount_allAccess" time="-1.743059445562E9">
    <skipped/>
  </testcase> <!-- @BeforeMethod perform_loginFor_QAaccount_allAccess -->
  <testcase classname="base.BaseClass" name="@BeforeMethod beforeMethod" time="-1.743059445567E9">
    <skipped/>
  </testcase> <!-- @BeforeMethod beforeMethod -->
  <testcase classname="testcases.Headermenu_TC" name="@BeforeMethod perform_loginFor_QAaccount_allAccess" time="-1.743059445567E9">
    <skipped/>
  </testcase> <!-- @BeforeMethod perform_loginFor_QAaccount_allAccess -->
  <testcase classname="base.BaseClass" name="@BeforeMethod beforeMethod" time="-1.743059445571E9">
    <skipped/>
  </testcase> <!-- @BeforeMethod beforeMethod -->
  <testcase classname="testcases.Headermenu_TC" name="@BeforeMethod perform_loginFor_QAaccount_allAccess" time="-1.743059445572E9">
    <skipped/>
  </testcase> <!-- @BeforeMethod perform_loginFor_QAaccount_allAccess -->
  <testcase classname="base.BaseClass" name="@BeforeMethod beforeMethod" time="-1.743059445576E9">
    <skipped/>
  </testcase> <!-- @BeforeMethod beforeMethod -->
  <testcase classname="testcases.Headermenu_TC" name="@BeforeMethod perform_loginFor_QAaccount_allAccess" time="-1.743059445577E9">
    <skipped/>
  </testcase> <!-- @BeforeMethod perform_loginFor_QAaccount_allAccess -->
  <testcase classname="base.BaseClass" name="@BeforeMethod beforeMethod" time="-1.743059445582E9">
    <skipped/>
  </testcase> <!-- @BeforeMethod beforeMethod -->
  <testcase classname="testcases.Headermenu_TC" name="@BeforeMethod perform_loginFor_QAaccount_allAccess" time="-1.743059445582E9">
    <skipped/>
  </testcase> <!-- @BeforeMethod perform_loginFor_QAaccount_allAccess -->
  <testcase classname="base.BaseClass" name="@BeforeMethod beforeMethod" time="-1.743059445587E9">
    <skipped/>
  </testcase> <!-- @BeforeMethod beforeMethod -->
  <testcase classname="testcases.Headermenu_TC" name="@BeforeMethod perform_loginFor_QAaccount_allAccess" time="-1.743059445587E9">
    <skipped/>
  </testcase> <!-- @BeforeMethod perform_loginFor_QAaccount_allAccess -->
  <testcase classname="base.BaseClass" name="@BeforeMethod beforeMethod" time="-1.743059445591E9">
    <skipped/>
  </testcase> <!-- @BeforeMethod beforeMethod -->
  <testcase classname="testcases.Headermenu_TC" name="@BeforeMethod perform_loginFor_QAaccount_allAccess" time="-1.743059445592E9">
    <skipped/>
  </testcase> <!-- @BeforeMethod perform_loginFor_QAaccount_allAccess -->
  <testcase classname="base.BaseClass" name="@BeforeMethod beforeMethod" time="-1.743059445597E9">
    <skipped/>
  </testcase> <!-- @BeforeMethod beforeMethod -->
  <testcase classname="testcases.Headermenu_TC" name="@BeforeMethod perform_loginFor_QAaccount_allAccess" time="-1.743059445598E9">
    <skipped/>
  </testcase> <!-- @BeforeMethod perform_loginFor_QAaccount_allAccess -->
  <testcase classname="base.BaseClass" name="@BeforeMethod beforeMethod" time="-1.743059445603E9">
    <skipped/>
  </testcase> <!-- @BeforeMethod beforeMethod -->
  <testcase classname="testcases.Headermenu_TC" name="@BeforeMethod perform_loginFor_QAaccount_allAccess" time="-1.743059445604E9">
    <skipped/>
  </testcase> <!-- @BeforeMethod perform_loginFor_QAaccount_allAccess -->
  <testcase classname="base.BaseClass" name="@BeforeMethod beforeMethod" time="-1.743059445609E9">
    <skipped/>
  </testcase> <!-- @BeforeMethod beforeMethod -->
  <testcase classname="testcases.Headermenu_TC" name="@BeforeMethod perform_loginFor_QAaccount_allAccess" time="-1.74305944561E9">
    <skipped/>
  </testcase> <!-- @BeforeMethod perform_loginFor_QAaccount_allAccess -->
  <testcase classname="base.BaseClass" name="@BeforeMethod beforeMethod" time="-1.743059445615E9">
    <skipped/>
  </testcase> <!-- @BeforeMethod beforeMethod -->
  <testcase classname="testcases.Headermenu_TC" name="@BeforeMethod perform_loginFor_QAaccount_allAccess" time="-1.743059445616E9">
    <skipped/>
  </testcase> <!-- @BeforeMethod perform_loginFor_QAaccount_allAccess -->
  <testcase classname="base.BaseClass" name="@BeforeMethod beforeMethod" time="-1.743059445621E9">
    <skipped/>
  </testcase> <!-- @BeforeMethod beforeMethod -->
  <testcase classname="testcases.Headermenu_TC" name="@BeforeMethod perform_loginFor_QAaccount_allAccess" time="-1.743059445622E9">
    <skipped/>
  </testcase> <!-- @BeforeMethod perform_loginFor_QAaccount_allAccess -->
  <testcase classname="base.BaseClass" name="@BeforeMethod beforeMethod" time="-1.743059445632E9">
    <skipped/>
  </testcase> <!-- @BeforeMethod beforeMethod -->
  <testcase classname="testcases.Headermenu_TC" name="@BeforeMethod perform_loginFor_QAaccount_allAccess" time="-1.743059445633E9">
    <skipped/>
  </testcase> <!-- @BeforeMethod perform_loginFor_QAaccount_allAccess -->
  <testcase classname="base.BaseClass" name="@BeforeMethod beforeMethod" time="-1.743059445638E9">
    <skipped/>
  </testcase> <!-- @BeforeMethod beforeMethod -->
  <testcase classname="testcases.Headermenu_TC" name="@BeforeMethod perform_loginFor_QAaccount_allAccess" time="-1.743059445639E9">
    <skipped/>
  </testcase> <!-- @BeforeMethod perform_loginFor_QAaccount_allAccess -->
  <testcase classname="base.BaseClass" name="@BeforeMethod beforeMethod" time="-1.743059445643E9">
    <skipped/>
  </testcase> <!-- @BeforeMethod beforeMethod -->
  <testcase classname="testcases.Headermenu_TC" name="@BeforeMethod perform_loginFor_QAaccount_allAccess" time="-1.743059445644E9">
    <skipped/>
  </testcase> <!-- @BeforeMethod perform_loginFor_QAaccount_allAccess -->
  <testcase classname="base.BaseClass" name="@BeforeMethod beforeMethod" time="-1.743059445648E9">
    <skipped/>
  </testcase> <!-- @BeforeMethod beforeMethod -->
  <testcase classname="testcases.Headermenu_TC" name="@BeforeMethod perform_loginFor_QAaccount_allAccess" time="-1.743059445649E9">
    <skipped/>
  </testcase> <!-- @BeforeMethod perform_loginFor_QAaccount_allAccess -->
  <testcase classname="base.BaseClass" name="@BeforeMethod beforeMethod" time="-1.743059445654E9">
    <skipped/>
  </testcase> <!-- @BeforeMethod beforeMethod -->
  <testcase classname="testcases.Headermenu_TC" name="@BeforeMethod perform_loginFor_QAaccount_allAccess" time="-1.743059445655E9">
    <skipped/>
  </testcase> <!-- @BeforeMethod perform_loginFor_QAaccount_allAccess -->
  <testcase classname="base.BaseClass" name="@BeforeMethod beforeMethod" time="-1.743059445659E9">
    <skipped/>
  </testcase> <!-- @BeforeMethod beforeMethod -->
  <testcase classname="testcases.Headermenu_TC" name="@BeforeMethod perform_loginFor_QAaccount_allAccess" time="-1.743059445659E9">
    <skipped/>
  </testcase> <!-- @BeforeMethod perform_loginFor_QAaccount_allAccess -->
  <testcase classname="base.BaseClass" name="@BeforeMethod beforeMethod" time="-1.743059445664E9">
    <skipped/>
  </testcase> <!-- @BeforeMethod beforeMethod -->
  <testcase classname="testcases.Headermenu_TC" name="@BeforeMethod perform_loginFor_QAaccount_allAccess" time="-1.743059445665E9">
    <skipped/>
  </testcase> <!-- @BeforeMethod perform_loginFor_QAaccount_allAccess -->
  <testcase classname="base.BaseClass" name="@BeforeMethod beforeMethod" time="-1.743059445669E9">
    <skipped/>
  </testcase> <!-- @BeforeMethod beforeMethod -->
  <testcase classname="testcases.Headermenu_TC" name="@BeforeMethod perform_loginFor_QAaccount_allAccess" time="-1.74305944567E9">
    <skipped/>
  </testcase> <!-- @BeforeMethod perform_loginFor_QAaccount_allAccess -->
  <testcase classname="base.BaseClass" name="@BeforeMethod beforeMethod" time="-1.743059445674E9">
    <skipped/>
  </testcase> <!-- @BeforeMethod beforeMethod -->
  <testcase classname="testcases.Headermenu_TC" name="@BeforeMethod perform_loginFor_QAaccount_allAccess" time="-1.743059445675E9">
    <skipped/>
  </testcase> <!-- @BeforeMethod perform_loginFor_QAaccount_allAccess -->
  <testcase classname="base.BaseClass" name="@BeforeMethod beforeMethod" time="-1.743059445679E9">
    <skipped/>
  </testcase> <!-- @BeforeMethod beforeMethod -->
  <testcase classname="testcases.Headermenu_TC" name="@BeforeMethod perform_loginFor_QAaccount_allAccess" time="-1.743059445679E9">
    <skipped/>
  </testcase> <!-- @BeforeMethod perform_loginFor_QAaccount_allAccess -->
  <testcase classname="base.BaseClass" name="@BeforeMethod beforeMethod" time="-1.743059445683E9">
    <skipped/>
  </testcase> <!-- @BeforeMethod beforeMethod -->
  <testcase classname="testcases.Headermenu_TC" name="@BeforeMethod perform_loginFor_QAaccount_allAccess" time="-1.743059445684E9">
    <skipped/>
  </testcase> <!-- @BeforeMethod perform_loginFor_QAaccount_allAccess -->
  <testcase classname="base.BaseClass" name="@BeforeMethod beforeMethod" time="-1.743059445687E9">
    <skipped/>
  </testcase> <!-- @BeforeMethod beforeMethod -->
  <testcase classname="testcases.Headermenu_TC" name="@BeforeMethod perform_loginFor_QAaccount_allAccess" time="-1.743059445688E9">
    <skipped/>
  </testcase> <!-- @BeforeMethod perform_loginFor_QAaccount_allAccess -->
  <testcase classname="base.BaseClass" name="@BeforeMethod beforeMethod" time="-1.743059445692E9">
    <skipped/>
  </testcase> <!-- @BeforeMethod beforeMethod -->
  <testcase classname="testcases.Headermenu_TC" name="@BeforeMethod perform_loginFor_QAaccount_allAccess" time="-1.743059445692E9">
    <skipped/>
  </testcase> <!-- @BeforeMethod perform_loginFor_QAaccount_allAccess -->
  <testcase classname="base.BaseClass" name="@BeforeMethod beforeMethod" time="-1.743059445697E9">
    <skipped/>
  </testcase> <!-- @BeforeMethod beforeMethod -->
  <testcase classname="testcases.Headermenu_TC" name="@BeforeMethod perform_loginFor_QAaccount_allAccess" time="-1.743059445698E9">
    <skipped/>
  </testcase> <!-- @BeforeMethod perform_loginFor_QAaccount_allAccess -->
  <testcase classname="base.BaseClass" name="@BeforeMethod beforeMethod" time="-1.743059445703E9">
    <skipped/>
  </testcase> <!-- @BeforeMethod beforeMethod -->
  <testcase classname="testcases.Headermenu_TC" name="@BeforeMethod perform_loginFor_QAaccount_allAccess" time="-1.743059445704E9">
    <skipped/>
  </testcase> <!-- @BeforeMethod perform_loginFor_QAaccount_allAccess -->
  <testcase classname="base.BaseClass" name="@BeforeMethod beforeMethod" time="-1.743059445707E9">
    <skipped/>
  </testcase> <!-- @BeforeMethod beforeMethod -->
  <testcase classname="testcases.Headermenu_TC" name="@BeforeMethod perform_loginFor_QAaccount_allAccess" time="-1.743059445708E9">
    <skipped/>
  </testcase> <!-- @BeforeMethod perform_loginFor_QAaccount_allAccess -->
  <testcase classname="base.BaseClass" name="@BeforeMethod beforeMethod" time="-1.74305944571E9">
    <skipped/>
  </testcase> <!-- @BeforeMethod beforeMethod -->
  <testcase classname="testcases.Headermenu_TC" name="@BeforeMethod perform_loginFor_QAaccount_allAccess" time="-1.743059445711E9">
    <skipped/>
  </testcase> <!-- @BeforeMethod perform_loginFor_QAaccount_allAccess -->
  <testcase classname="base.BaseClass" name="@BeforeMethod beforeMethod" time="-1.743059445714E9">
    <skipped/>
  </testcase> <!-- @BeforeMethod beforeMethod -->
  <testcase classname="testcases.Headermenu_TC" name="@BeforeMethod perform_loginFor_QAaccount_allAccess" time="-1.743059445715E9">
    <skipped/>
  </testcase> <!-- @BeforeMethod perform_loginFor_QAaccount_allAccess -->
  <testcase classname="base.BaseClass" name="@BeforeMethod beforeMethod" time="-1.743059445719E9">
    <skipped/>
  </testcase> <!-- @BeforeMethod beforeMethod -->
  <testcase classname="testcases.Headermenu_TC" name="@BeforeMethod perform_loginFor_QAaccount_allAccess" time="-1.743059445719E9">
    <skipped/>
  </testcase> <!-- @BeforeMethod perform_loginFor_QAaccount_allAccess -->
  <testcase classname="base.BaseClass" name="@BeforeMethod beforeMethod" time="-1.743059445723E9">
    <skipped/>
  </testcase> <!-- @BeforeMethod beforeMethod -->
  <testcase classname="testcases.Headermenu_TC" name="@BeforeMethod perform_loginFor_QAaccount_allAccess" time="-1.743059445724E9">
    <skipped/>
  </testcase> <!-- @BeforeMethod perform_loginFor_QAaccount_allAccess -->
  <testcase classname="base.BaseClass" name="@BeforeMethod beforeMethod" time="-1.743059445727E9">
    <skipped/>
  </testcase> <!-- @BeforeMethod beforeMethod -->
  <testcase classname="testcases.Headermenu_TC" name="@BeforeMethod perform_loginFor_QAaccount_allAccess" time="-1.743059445727E9">
    <skipped/>
  </testcase> <!-- @BeforeMethod perform_loginFor_QAaccount_allAccess -->
  <testcase classname="base.BaseClass" name="@BeforeMethod beforeMethod" time="-1.743059445735E9">
    <skipped/>
  </testcase> <!-- @BeforeMethod beforeMethod -->
  <testcase classname="testcases.Headermenu_TC" name="@BeforeMethod perform_loginFor_QAaccount_allAccess" time="-1.743059445736E9">
    <skipped/>
  </testcase> <!-- @BeforeMethod perform_loginFor_QAaccount_allAccess -->
  <testcase classname="base.BaseClass" name="@BeforeMethod beforeMethod" time="-1.743059445741E9">
    <skipped/>
  </testcase> <!-- @BeforeMethod beforeMethod -->
  <testcase classname="testcases.Headermenu_TC" name="@BeforeMethod perform_loginFor_QAaccount_allAccess" time="-1.743059445743E9">
    <skipped/>
  </testcase> <!-- @BeforeMethod perform_loginFor_QAaccount_allAccess -->
  <testcase classname="base.BaseClass" name="@BeforeMethod beforeMethod" time="-1.743059445755E9">
    <skipped/>
  </testcase> <!-- @BeforeMethod beforeMethod -->
  <testcase classname="testcases.Headermenu_TC" name="@BeforeMethod perform_loginFor_QAaccount_allAccess" time="-1.743059445757E9">
    <skipped/>
  </testcase> <!-- @BeforeMethod perform_loginFor_QAaccount_allAccess -->
  <testcase classname="base.BaseClass" name="@BeforeMethod beforeMethod" time="-1.743059445768E9">
    <skipped/>
  </testcase> <!-- @BeforeMethod beforeMethod -->
  <testcase classname="testcases.Headermenu_TC" name="@BeforeMethod perform_loginFor_QAaccount_allAccess" time="-1.743059445772E9">
    <skipped/>
  </testcase> <!-- @BeforeMethod perform_loginFor_QAaccount_allAccess -->
  <testcase classname="base.BaseClass" name="@BeforeMethod beforeMethod" time="-1.743059445779E9">
    <skipped/>
  </testcase> <!-- @BeforeMethod beforeMethod -->
  <testcase classname="testcases.Headermenu_TC" name="@BeforeMethod perform_loginFor_QAaccount_allAccess" time="-1.743059445783E9">
    <skipped/>
  </testcase> <!-- @BeforeMethod perform_loginFor_QAaccount_allAccess -->
  <testcase classname="base.BaseClass" name="@BeforeMethod beforeMethod" time="-1.743059445792E9">
    <skipped/>
  </testcase> <!-- @BeforeMethod beforeMethod -->
  <testcase classname="testcases.Headermenu_TC" name="@BeforeMethod perform_loginFor_QAaccount_allAccess" time="-1.743059445793E9">
    <skipped/>
  </testcase> <!-- @BeforeMethod perform_loginFor_QAaccount_allAccess -->
  <testcase classname="base.BaseClass" name="@BeforeMethod beforeMethod" time="-1.743059445802E9">
    <skipped/>
  </testcase> <!-- @BeforeMethod beforeMethod -->
  <testcase classname="testcases.Headermenu_TC" name="@BeforeMethod perform_loginFor_QAaccount_allAccess" time="-1.743059445803E9">
    <skipped/>
  </testcase> <!-- @BeforeMethod perform_loginFor_QAaccount_allAccess -->
  <testcase classname="base.BaseClass" name="@BeforeMethod beforeMethod" time="-1.743059445807E9">
    <skipped/>
  </testcase> <!-- @BeforeMethod beforeMethod -->
  <testcase classname="testcases.Headermenu_TC" name="@BeforeMethod perform_loginFor_QAaccount_allAccess" time="-1.743059445809E9">
    <skipped/>
  </testcase> <!-- @BeforeMethod perform_loginFor_QAaccount_allAccess -->
  <testcase classname="base.BaseClass" name="@BeforeMethod beforeMethod" time="-1.743059445823E9">
    <skipped/>
  </testcase> <!-- @BeforeMethod beforeMethod -->
  <testcase classname="testcases.Headermenu_TC" name="@BeforeMethod perform_loginFor_QAaccount_allAccess" time="-1.743059445825E9">
    <skipped/>
  </testcase> <!-- @BeforeMethod perform_loginFor_QAaccount_allAccess -->
  <testcase classname="base.BaseClass" name="@BeforeMethod beforeMethod" time="-1.743059445834E9">
    <skipped/>
  </testcase> <!-- @BeforeMethod beforeMethod -->
  <testcase classname="testcases.Headermenu_TC" name="@BeforeMethod perform_loginFor_QAaccount_allAccess" time="-1.743059445836E9">
    <skipped/>
  </testcase> <!-- @BeforeMethod perform_loginFor_QAaccount_allAccess -->
  <testcase classname="base.BaseClass" name="@BeforeMethod beforeMethod" time="-1.743059445841E9">
    <skipped/>
  </testcase> <!-- @BeforeMethod beforeMethod -->
  <testcase classname="testcases.Headermenu_TC" name="@BeforeMethod perform_loginFor_QAaccount_allAccess" time="-1.74305944585E9">
    <skipped/>
  </testcase> <!-- @BeforeMethod perform_loginFor_QAaccount_allAccess -->
  <testcase classname="base.BaseClass" name="@BeforeMethod beforeMethod" time="-1.743059445855E9">
    <skipped/>
  </testcase> <!-- @BeforeMethod beforeMethod -->
  <testcase classname="testcases.Headermenu_TC" name="@BeforeMethod perform_loginFor_QAaccount_allAccess" time="-1.743059445856E9">
    <skipped/>
  </testcase> <!-- @BeforeMethod perform_loginFor_QAaccount_allAccess -->
  <testcase classname="base.BaseClass" name="@BeforeMethod beforeMethod" time="-1.743059445862E9">
    <skipped/>
  </testcase> <!-- @BeforeMethod beforeMethod -->
  <testcase classname="testcases.Headermenu_TC" name="@BeforeMethod perform_loginFor_QAaccount_allAccess" time="-1.743059445864E9">
    <skipped/>
  </testcase> <!-- @BeforeMethod perform_loginFor_QAaccount_allAccess -->
  <testcase classname="base.BaseClass" name="@BeforeMethod beforeMethod" time="-1.743059445872E9">
    <skipped/>
  </testcase> <!-- @BeforeMethod beforeMethod -->
  <testcase classname="testcases.Headermenu_TC" name="@BeforeMethod perform_loginFor_QAaccount_allAccess" time="-1.743059445874E9">
    <skipped/>
  </testcase> <!-- @BeforeMethod perform_loginFor_QAaccount_allAccess -->
  <testcase classname="testcases.Headermenu_TC" name="mouseHover_Header_Apps_visibilityCheck_of_Timesheet" time="1.027"/>
  <testcase classname="testcases.Headermenu_TC" name="verify_redirection_AND_LandingPageValue_Timesheet" time="3.159"/>
  <testcase classname="testcases.Headermenu_TC" name="mouseHover_Header_Apps_visibilityCheck_of_Leaves" time="0.809"/>
  <testcase classname="testcases.Headermenu_TC" name="verify_redirection_AND_LandingPageValue_ApplyLeaves" time="3.833"/>
  <testcase classname="testcases.Headermenu_TC" name="verify_redirection_AND_LandingPageValue_MyLeaveHistory" time="3.041"/>
  <testcase classname="testcases.Headermenu_TC" name="verify_redirection_AND_LandingPageValue_ForMyApproval" time="2.76"/>
  <testcase classname="testcases.Headermenu_TC" name="mouseHover_Header_Apps_visibilityCheck_of_GroupChange" time="0.702"/>
  <testcase classname="testcases.Headermenu_TC" name="verify_redirection_AND_LandingPageValue_GroupChange" time="4.532"/>
  <testcase classname="testcases.Headermenu_TC" name="mouseHover_Header_Apps_visibilityCheck_of_MyBills" time="0.746"/>
  <testcase classname="testcases.Headermenu_TC" name="verify_redirection_AND_LandingPageValue_MyBills_CreateNewRequest" time="2.7"/>
  <testcase classname="testcases.Headermenu_TC" name="verify_redirection_AND_LandingPageValue_MyBills_MyBillsHistory" time="3.855"/>
  <testcase classname="testcases.Headermenu_TC" name="verify_redirection_AND_LandingPageValue_MyBills_BuApproval" time="3.696"/>
  <testcase classname="testcases.Headermenu_TC" name="verify_redirection_AND_LandingPageValue_MyBills_BuHistory" time="3.775"/>
  <testcase classname="testcases.Headermenu_TC" name="verify_redirection_AND_LandingPageValue_MyBills_Category" time="6.181"/>
  <testcase classname="testcases.Headermenu_TC" name="verify_redirection_AND_LandingPageValue_MyBills_DepartmentApproval" time="4.987"/>
  <testcase classname="testcases.Headermenu_TC" name="verify_redirection_AND_LandingPageValue_MyBills_DepartmentHistory" time="5.819"/>
  <testcase classname="testcases.Headermenu_TC" name="verify_redirection_AND_LandingPageValue_MyBills_FinanceApproval" time="4.383"/>
  <testcase classname="testcases.Headermenu_TC" name="verify_redirection_AND_LandingPageValue_MyBills_FinanceHistory" time="5.473">
    <failure type="org.openqa.selenium.NoSuchElementException" message="no such element: Unable to locate element: {&amp;quot;method&amp;quot;:&amp;quot;xpath&amp;quot;,&amp;quot;selector&amp;quot;:&amp;quot;(//p[normalize-space()=&amp;apos;My Bills&amp;apos;])[1]&amp;quot;}
  (Session info: chrome=134.0.6998.166)
For documentation on this error, please visit: https://www.selenium.dev/documentation/webdriver/troubleshooting/errors#no-such-element-exception
Build info: version: &amp;apos;4.10.0&amp;apos;, revision: &amp;apos;c14d967899&amp;apos;
System info: os.name: &amp;apos;Windows 10&amp;apos;, os.arch: &amp;apos;amd64&amp;apos;, os.version: &amp;apos;10.0&amp;apos;, java.version: &amp;apos;17.0.9&amp;apos;
Driver info: org.openqa.selenium.chrome.ChromeDriver
Command: [1567e87c9b0bdc5593f3ad593ad49c5e, findElement {using=xpath, value=(//p[normalize-space()=&amp;apos;My Bills&amp;apos;])[1]}]
Capabilities {acceptInsecureCerts: false, browserName: chrome, browserVersion: 134.0.6998.166, chrome: {chromedriverVersion: 134.0.6998.165 (fd886e2cb29..., userDataDir: C:\Users\Insemi\AppData\Loc...}, fedcm:accounts: true, goog:chromeOptions: {debuggerAddress: localhost:55962}, networkConnectionEnabled: false, pageLoadStrategy: normal, platformName: windows, proxy: Proxy(), se:cdp: ws://localhost:55962/devtoo..., se:cdpVersion: 134.0.6998.166, setWindowRect: true, strictFileInteractability: false, timeouts: {implicit: 0, pageLoad: 300000, script: 30000}, unhandledPromptBehavior: dismiss and notify, webauthn:extension:credBlob: true, webauthn:extension:largeBlob: true, webauthn:extension:minPinLength: true, webauthn:extension:prf: true, webauthn:virtualAuthenticators: true}
Session ID: 1567e87c9b0bdc5593f3ad593ad49c5e">
      <![CDATA[org.openqa.selenium.NoSuchElementException: no such element: Unable to locate element: {"method":"xpath","selector":"(//p[normalize-space()='My Bills'])[1]"}
  (Session info: chrome=134.0.6998.166)
For documentation on this error, please visit: https://www.selenium.dev/documentation/webdriver/troubleshooting/errors#no-such-element-exception
Build info: version: '4.10.0', revision: 'c14d967899'
System info: os.name: 'Windows 10', os.arch: 'amd64', os.version: '10.0', java.version: '17.0.9'
Driver info: org.openqa.selenium.chrome.ChromeDriver
Command: [1567e87c9b0bdc5593f3ad593ad49c5e, findElement {using=xpath, value=(//p[normalize-space()='My Bills'])[1]}]
Capabilities {acceptInsecureCerts: false, browserName: chrome, browserVersion: 134.0.6998.166, chrome: {chromedriverVersion: 134.0.6998.165 (fd886e2cb29..., userDataDir: C:\Users\Insemi\AppData\Loc...}, fedcm:accounts: true, goog:chromeOptions: {debuggerAddress: localhost:55962}, networkConnectionEnabled: false, pageLoadStrategy: normal, platformName: windows, proxy: Proxy(), se:cdp: ws://localhost:55962/devtoo..., se:cdpVersion: 134.0.6998.166, setWindowRect: true, strictFileInteractability: false, timeouts: {implicit: 0, pageLoad: 300000, script: 30000}, unhandledPromptBehavior: dismiss and notify, webauthn:extension:credBlob: true, webauthn:extension:largeBlob: true, webauthn:extension:minPinLength: true, webauthn:extension:prf: true, webauthn:virtualAuthenticators: true}
Session ID: 1567e87c9b0bdc5593f3ad593ad49c5e
at org.openqa.selenium.remote.codec.w3c.W3CHttpResponseCodec.createException(W3CHttpResponseCodec.java:199)
at org.openqa.selenium.remote.codec.w3c.W3CHttpResponseCodec.decode(W3CHttpResponseCodec.java:132)
at org.openqa.selenium.remote.codec.w3c.W3CHttpResponseCodec.decode(W3CHttpResponseCodec.java:51)
at org.openqa.selenium.remote.HttpCommandExecutor.execute(HttpCommandExecutor.java:191)
at org.openqa.selenium.remote.service.DriverCommandExecutor.invokeExecute(DriverCommandExecutor.java:196)
at org.openqa.selenium.remote.service.DriverCommandExecutor.execute(DriverCommandExecutor.java:171)
at org.openqa.selenium.remote.RemoteWebDriver.execute(RemoteWebDriver.java:531)
at org.openqa.selenium.remote.ElementLocation$ElementFinder$2.findElement(ElementLocation.java:165)
at org.openqa.selenium.remote.ElementLocation.findElement(ElementLocation.java:59)
at org.openqa.selenium.remote.RemoteWebDriver.findElement(RemoteWebDriver.java:350)
at org.openqa.selenium.remote.RemoteWebDriver.findElement(RemoteWebDriver.java:344)
at org.openqa.selenium.support.pagefactory.DefaultElementLocator.findElement(DefaultElementLocator.java:68)
at org.openqa.selenium.support.pagefactory.internal.LocatingElementHandler.invoke(LocatingElementHandler.java:38)
at jdk.proxy2/jdk.proxy2.$Proxy20.click(Unknown Source)
at utils.GeneralUtilities.element_Click(GeneralUtilities.java:55)
at pageObjects.header.Headermenus_PG.get_LandingPageValue_MyBills_FinanceHistory(Headermenus_PG.java:257)
at testcases.Headermenu_TC.verify_redirection_AND_LandingPageValue_MyBills_FinanceHistory(Headermenu_TC.java:404)
at java.base/java.util.ArrayList.forEach(ArrayList.java:1511)
... Removed 32 stack frames]]>
    </failure>
  </testcase> <!-- verify_redirection_AND_LandingPageValue_MyBills_FinanceHistory -->
  <testcase classname="testcases.Headermenu_TC" name="mouseHover_Header_Apps_visibilityCheck_of_GandR" time="0.653"/>
  <testcase classname="testcases.Headermenu_TC" name="verify_redirection_AND_LandingPageValue_GandR_Initiation" time="3.004"/>
  <testcase classname="testcases.Headermenu_TC" name="verify_redirection_AND_LandingPageValue_GandR_MyGoals" time="0.0">
    <skipped/>
  </testcase> <!-- verify_redirection_AND_LandingPageValue_GandR_MyGoals -->
  <testcase classname="testcases.Headermenu_TC" name="verify_redirection_AND_LandingPageValue_GandR_RatingPending" time="0.0">
    <skipped/>
  </testcase> <!-- verify_redirection_AND_LandingPageValue_GandR_RatingPending -->
  <testcase classname="testcases.Headermenu_TC" name="verify_redirection_AND_LandingPageValue_GandR_AddCustomGoals" time="0.0">
    <skipped/>
  </testcase> <!-- verify_redirection_AND_LandingPageValue_GandR_AddCustomGoals -->
  <testcase classname="testcases.Headermenu_TC" name="mouseHover_Header_Apps_visibilityCheck_of_MyReferral" time="0.0">
    <skipped/>
  </testcase> <!-- mouseHover_Header_Apps_visibilityCheck_of_MyReferral -->
  <testcase classname="testcases.Headermenu_TC" name="verify_redirection_AND_LandingPageValue_MyReferral_ReferralProgram" time="0.0">
    <skipped/>
  </testcase> <!-- verify_redirection_AND_LandingPageValue_MyReferral_ReferralProgram -->
  <testcase classname="testcases.Headermenu_TC" name="verify_redirection_AND_LandingPageValue_MyReferral_ReferredList" time="0.0">
    <skipped/>
  </testcase> <!-- verify_redirection_AND_LandingPageValue_MyReferral_ReferredList -->
  <testcase classname="testcases.Headermenu_TC" name="mouseHover_Header_Apps_visibilityCheck_of_Helpdesk" time="0.0">
    <skipped/>
  </testcase> <!-- mouseHover_Header_Apps_visibilityCheck_of_Helpdesk -->
  <testcase classname="testcases.Headermenu_TC" name="verify_redirection_AND_LandingPageValue_Helpdesk" time="0.0">
    <skipped/>
  </testcase> <!-- verify_redirection_AND_LandingPageValue_Helpdesk -->
  <testcase classname="testcases.Headermenu_TC" name="mouseHover_Header_Apps_visibilityCheck_of_EMS" time="0.0">
    <skipped/>
  </testcase> <!-- mouseHover_Header_Apps_visibilityCheck_of_EMS -->
  <testcase classname="testcases.Headermenu_TC" name="verify_redirection_AND_LandingPageValue_EMS_resignationList" time="0.0">
    <skipped/>
  </testcase> <!-- verify_redirection_AND_LandingPageValue_EMS_resignationList -->
  <testcase classname="testcases.Headermenu_TC" name="verify_redirection_AND_LandingPageValue_EMS_LwdRequestList" time="0.0">
    <skipped/>
  </testcase> <!-- verify_redirection_AND_LandingPageValue_EMS_LwdRequestList -->
  <testcase classname="testcases.Headermenu_TC" name="verify_redirection_AND_LandingPageValue_EMS_RelievingClearance" time="0.0">
    <skipped/>
  </testcase> <!-- verify_redirection_AND_LandingPageValue_EMS_RelievingClearance -->
  <testcase classname="testcases.Headermenu_TC" name="verify_redirection_AND_LandingPageValue_EMS_LetterApproval" time="0.0">
    <skipped/>
  </testcase> <!-- verify_redirection_AND_LandingPageValue_EMS_LetterApproval -->
  <testcase classname="testcases.Headermenu_TC" name="verify_redirection_AND_LandingPageValue_EMS_ClearanceAssignment" time="0.0">
    <skipped/>
  </testcase> <!-- verify_redirection_AND_LandingPageValue_EMS_ClearanceAssignment -->
  <testcase classname="testcases.Headermenu_TC" name="verify_redirection_AND_LandingPageValue_EMS_ResignationbehalfEmp" time="0.001">
    <skipped/>
  </testcase> <!-- verify_redirection_AND_LandingPageValue_EMS_ResignationbehalfEmp -->
  <testcase classname="testcases.Headermenu_TC" name="verify_redirection_AND_LandingPageValue_EMS_Termination" time="0.0">
    <skipped/>
  </testcase> <!-- verify_redirection_AND_LandingPageValue_EMS_Termination -->
  <testcase classname="testcases.Headermenu_TC" name="verify_redirection_AND_LandingPageValue_EMS_TerminationList" time="0.0">
    <skipped/>
  </testcase> <!-- verify_redirection_AND_LandingPageValue_EMS_TerminationList -->
  <testcase classname="testcases.Headermenu_TC" name="verify_redirection_AND_LandingPageValue_EMS_Resignation" time="0.0">
    <skipped/>
  </testcase> <!-- verify_redirection_AND_LandingPageValue_EMS_Resignation -->
  <testcase classname="testcases.Headermenu_TC" name="mouseHover_Header_Apps_visibilityCheck_of_Users" time="0.0">
    <skipped/>
  </testcase> <!-- mouseHover_Header_Apps_visibilityCheck_of_Users -->
  <testcase classname="testcases.Headermenu_TC" name="verify_redirection_AND_LandingPageValue_Users_UsersList" time="0.0">
    <skipped/>
  </testcase> <!-- verify_redirection_AND_LandingPageValue_Users_UsersList -->
  <testcase classname="testcases.Headermenu_TC" name="mouseHover_Header_Apps_visibilityCheck_of_HrAdmin" time="0.0">
    <skipped/>
  </testcase> <!-- mouseHover_Header_Apps_visibilityCheck_of_HrAdmin -->
  <testcase classname="testcases.Headermenu_TC" name="verify_redirection_AND_LandingPageValue_HrAdmin_Jobs" time="0.0">
    <skipped/>
  </testcase> <!-- verify_redirection_AND_LandingPageValue_HrAdmin_Jobs -->
  <testcase classname="testcases.Headermenu_TC" name="verify_redirection_AND_LandingPageValue_HrAdmin_Candidates" time="0.0">
    <skipped/>
  </testcase> <!-- verify_redirection_AND_LandingPageValue_HrAdmin_Candidates -->
  <testcase classname="testcases.Headermenu_TC" name="verify_redirection_AND_LandingPageValue_HrAdmin_OfferApproval" time="0.0">
    <skipped/>
  </testcase> <!-- verify_redirection_AND_LandingPageValue_HrAdmin_OfferApproval -->
  <testcase classname="testcases.Headermenu_TC" name="mouseHover_Header_Apps_visibilityCheck_of_Hiring" time="0.0">
    <skipped/>
  </testcase> <!-- mouseHover_Header_Apps_visibilityCheck_of_Hiring -->
  <testcase classname="testcases.Headermenu_TC" name="verify_redirection_AND_LandingPageValue_Hiring_OfferApproval_mg1" time="0.0">
    <skipped/>
  </testcase> <!-- verify_redirection_AND_LandingPageValue_Hiring_OfferApproval_mg1 -->
  <testcase classname="testcases.Headermenu_TC" name="verify_redirection_AND_LandingPageValue_Hiring_OfferApproval_mg2" time="0.0">
    <skipped/>
  </testcase> <!-- verify_redirection_AND_LandingPageValue_Hiring_OfferApproval_mg2 -->
  <testcase classname="testcases.Headermenu_TC" name="verify_redirection_AND_LandingPageValue_Hiring_OfferApproval_CDO" time="0.0">
    <skipped/>
  </testcase> <!-- verify_redirection_AND_LandingPageValue_Hiring_OfferApproval_CDO -->
  <testcase classname="testcases.Headermenu_TC" name="verify_redirection_AND_LandingPageValue_Hiring_JobApproval" time="0.0">
    <skipped/>
  </testcase> <!-- verify_redirection_AND_LandingPageValue_Hiring_JobApproval -->
  <testcase classname="testcases.Headermenu_TC" name="mouseHover_Header_Apps_visibilityCheck_of_Recruitment" time="0.0">
    <skipped/>
  </testcase> <!-- mouseHover_Header_Apps_visibilityCheck_of_Recruitment -->
  <testcase classname="testcases.Headermenu_TC" name="verify_redirection_AND_LandingPageValue_Recruitment_Jobs" time="0.0">
    <skipped/>
  </testcase> <!-- verify_redirection_AND_LandingPageValue_Recruitment_Jobs -->
  <testcase classname="testcases.Headermenu_TC" name="verify_redirection_AND_LandingPageValue_Recruitment_MyCandidates" time="0.0">
    <skipped/>
  </testcase> <!-- verify_redirection_AND_LandingPageValue_Recruitment_MyCandidates -->
  <testcase classname="testcases.Headermenu_TC" name="mouseHover_Header_Apps_visibilityCheck_of_CvBank" time="0.0">
    <skipped/>
  </testcase> <!-- mouseHover_Header_Apps_visibilityCheck_of_CvBank -->
  <testcase classname="testcases.Headermenu_TC" name="verify_redirection_AND_LandingPageValue_CvBank" time="0.0">
    <skipped/>
  </testcase> <!-- verify_redirection_AND_LandingPageValue_CvBank -->
  <testcase classname="testcases.Headermenu_TC" name="mouseHover_Header_Apps_visibilityCheck_of_Onboarding" time="0.0">
    <skipped/>
  </testcase> <!-- mouseHover_Header_Apps_visibilityCheck_of_Onboarding -->
  <testcase classname="testcases.Headermenu_TC" name="verify_redirection_AND_LandingPageValue_Onboarding" time="0.0">
    <skipped/>
  </testcase> <!-- verify_redirection_AND_LandingPageValue_Onboarding -->
  <testcase classname="testcases.Headermenu_TC" name="mouseHover_Header_Apps_visibilityCheck_of_Travel" time="0.0">
    <skipped/>
  </testcase> <!-- mouseHover_Header_Apps_visibilityCheck_of_Travel -->
  <testcase classname="testcases.Headermenu_TC" name="verify_redirection_AND_LandingPageValue_Travel_Createrequest_Travel" time="0.0">
    <skipped/>
  </testcase> <!-- verify_redirection_AND_LandingPageValue_Travel_Createrequest_Travel -->
  <testcase classname="testcases.Headermenu_TC" name="verify_redirection_AND_LandingPageValue_Travel_Createrequest_Accomodation" time="0.0">
    <skipped/>
  </testcase> <!-- verify_redirection_AND_LandingPageValue_Travel_Createrequest_Accomodation -->
  <testcase classname="testcases.Headermenu_TC" name="verify_redirection_AND_LandingPageValue_Travel_Createrequest_TravelAndAccomodation" time="0.0">
    <skipped/>
  </testcase> <!-- verify_redirection_AND_LandingPageValue_Travel_Createrequest_TravelAndAccomodation -->
  <testcase classname="testcases.Headermenu_TC" name="verify_redirection_AND_LandingPageValue_Travel_Myrequests" time="0.0">
    <skipped/>
  </testcase> <!-- verify_redirection_AND_LandingPageValue_Travel_Myrequests -->
  <testcase classname="testcases.Headermenu_TC" name="verify_redirection_AND_LandingPageValue_Travel_ForMyApproval" time="0.0">
    <skipped/>
  </testcase> <!-- verify_redirection_AND_LandingPageValue_Travel_ForMyApproval -->
  <testcase classname="testcases.Headermenu_TC" name="verify_redirection_AND_LandingPageValue_Travel_FlightApprovalList" time="0.0">
    <skipped/>
  </testcase> <!-- verify_redirection_AND_LandingPageValue_Travel_FlightApprovalList -->
  <testcase classname="testcases.Headermenu_TC" name="verify_redirection_AND_LandingPageValue_Travel_TravelBookingList" time="0.0">
    <skipped/>
  </testcase> <!-- verify_redirection_AND_LandingPageValue_Travel_TravelBookingList -->
  <testcase classname="testcases.Headermenu_TC" name="verify_redirection_AND_LandingPageValue_Travel_AccommodationBooking" time="0.0">
    <skipped/>
  </testcase> <!-- verify_redirection_AND_LandingPageValue_Travel_AccommodationBooking -->
  <testcase classname="testcases.Headermenu_TC" name="verify_redirection_AND_LandingPageValue_Travel_MasterLocation" time="0.0">
    <skipped/>
  </testcase> <!-- verify_redirection_AND_LandingPageValue_Travel_MasterLocation -->
  <testcase classname="testcases.Headermenu_TC" name="mouseHover_Header_Apps_visibilityCheck_of_Asset" time="0.0">
    <skipped/>
  </testcase> <!-- mouseHover_Header_Apps_visibilityCheck_of_Asset -->
  <testcase classname="testcases.Headermenu_TC" name="verify_redirection_AND_LandingPageValue_Asset_ItBuApproval" time="0.0">
    <skipped/>
  </testcase> <!-- verify_redirection_AND_LandingPageValue_Asset_ItBuApproval -->
  <testcase classname="testcases.Headermenu_TC" name="verify_redirection_AND_LandingPageValue_Asset_Assetprocurement" time="0.0">
    <skipped/>
  </testcase> <!-- verify_redirection_AND_LandingPageValue_Asset_Assetprocurement -->
  <testcase classname="testcases.Headermenu_TC" name="verify_redirection_AND_LandingPageValue_Asset_AssetNumberAllocation" time="0.0">
    <skipped/>
  </testcase> <!-- verify_redirection_AND_LandingPageValue_Asset_AssetNumberAllocation -->
  <testcase classname="testcases.Headermenu_TC" name="verify_redirection_AND_LandingPageValue_Asset_AllocationRequest" time="0.0">
    <skipped/>
  </testcase> <!-- verify_redirection_AND_LandingPageValue_Asset_AllocationRequest -->
  <testcase classname="testcases.Headermenu_TC" name="verify_redirection_AND_LandingPageValue_Asset_ReturnAsset" time="0.0">
    <skipped/>
  </testcase> <!-- verify_redirection_AND_LandingPageValue_Asset_ReturnAsset -->
  <testcase classname="testcases.Headermenu_TC" name="verify_redirection_AND_LandingPageValue_Asset_ReplaceAsset" time="0.0">
    <skipped/>
  </testcase> <!-- verify_redirection_AND_LandingPageValue_Asset_ReplaceAsset -->
  <testcase classname="testcases.Headermenu_TC" name="mouseHover_Header_Apps_visibilityCheck_of_LandD" time="0.0">
    <skipped/>
  </testcase> <!-- mouseHover_Header_Apps_visibilityCheck_of_LandD -->
  <testcase classname="testcases.Headermenu_TC" name="verify_redirection_AND_LandingPageValue_LandD_QuestionSetup" time="0.0">
    <skipped/>
  </testcase> <!-- verify_redirection_AND_LandingPageValue_LandD_QuestionSetup -->
  <testcase classname="testcases.Headermenu_TC" name="verify_redirection_AND_LandingPageValue_LandD_AllocationAndEvaluation" time="0.0">
    <skipped/>
  </testcase> <!-- verify_redirection_AND_LandingPageValue_LandD_AllocationAndEvaluation -->
  <testcase classname="testcases.Headermenu_TC" name="verify_redirection_AND_LandingPageValue_LandD_Reports" time="0.0">
    <skipped/>
  </testcase> <!-- verify_redirection_AND_LandingPageValue_LandD_Reports -->
  <testcase classname="testcases.Headermenu_TC" name="mouseHover_Header_Apps_visibilityCheck_of_ManagerFB" time="0.0">
    <skipped/>
  </testcase> <!-- mouseHover_Header_Apps_visibilityCheck_of_ManagerFB -->
  <testcase classname="testcases.Headermenu_TC" name="verify_redirection_AND_LandingPageValue_ManagerFB_Admin" time="0.0">
    <skipped/>
  </testcase> <!-- verify_redirection_AND_LandingPageValue_ManagerFB_Admin -->
  <testcase classname="testcases.Headermenu_TC" name="verify_redirection_AND_LandingPageValue_ManagerFB_AdminView" time="0.0">
    <skipped/>
  </testcase> <!-- verify_redirection_AND_LandingPageValue_ManagerFB_AdminView -->
  <testcase classname="testcases.Headermenu_TC" name="verify_redirection_AND_LandingPageValue_ManagerFB_RmPage" time="0.0">
    <skipped/>
  </testcase> <!-- verify_redirection_AND_LandingPageValue_ManagerFB_RmPage -->
  <testcase classname="testcases.Headermenu_TC" name="verify_redirection_AND_LandingPageValue_ManagerFB_ManagementView" time="0.001">
    <skipped/>
  </testcase> <!-- verify_redirection_AND_LandingPageValue_ManagerFB_ManagementView -->
  <testcase classname="testcases.Headermenu_TC" name="verify_redirection_AND_LandingPageValue_ManagerFB_HrHeadView" time="0.0">
    <skipped/>
  </testcase> <!-- verify_redirection_AND_LandingPageValue_ManagerFB_HrHeadView -->
  <testcase classname="testcases.Headermenu_TC" name="verify_redirection_AND_LandingPageValue_ManagerFB_EmployeeFeedback" time="0.0">
    <skipped/>
  </testcase> <!-- verify_redirection_AND_LandingPageValue_ManagerFB_EmployeeFeedback -->
  <testcase classname="testcases.Headermenu_TC" name="verify_redirection_AND_LandingPageValue_ManagerFB_BuPage" time="0.0">
    <skipped/>
  </testcase> <!-- verify_redirection_AND_LandingPageValue_ManagerFB_BuPage -->
</testsuite> <!-- Test -->
