<?xml version="1.0" encoding="UTF-8"?>
<!-- Generated by org.testng.reporters.JUnitReportReporter -->
<testsuite hostname="Insemi-539" failures="0" tests="86" name="testcases.Headermenu_TC" time="231.851" errors="2" timestamp="2025-03-27T12:40:47 IST" skipped="65">
  <testcase classname="testcases.Headermenu_TC" name="perform_loginFor_QAaccount_allAccess" time="33.101">
    <error message="Expected condition failed: waiting for visibility of Proxy element for: DefaultElementLocator &#039;By.xpath: //button[normalize-space()=&#039;View Profile&#039;]&#039; (tried for 15 second(s) with 500 milliseconds interval)" type="org.openqa.selenium.TimeoutException">
      <![CDATA[org.openqa.selenium.TimeoutException: Expected condition failed: waiting for visibility of Proxy element for: DefaultElementLocator 'By.xpath: //button[normalize-space()='View Profile']' (tried for 15 second(s) with 500 milliseconds interval)
at org.openqa.selenium.support.ui.WebDriverWait.timeoutException(WebDriverWait.java:84)
at org.openqa.selenium.support.ui.FluentWait.until(FluentWait.java:230)
at utils.GeneralUtilities.visibility_wait_utility(GeneralUtilities.java:39)
at pageObjects.loginPage.LoginPage_PG.visibility_ofElement_in_Dashboard(LoginPage_PG.java:51)
at testcases.Headermenu_TC.perform_loginFor_QAaccount_allAccess(Headermenu_TC.java:46)
at jdk.internal.reflect.GeneratedMethodAccessor5.invoke(Unknown Source)
at java.base/jdk.internal.reflect.DelegatingMethodAccessorImpl.invoke(DelegatingMethodAccessorImpl.java:43)
at java.base/java.lang.reflect.Method.invoke(Method.java:568)
at org.testng.internal.MethodInvocationHelper.invokeMethod(MethodInvocationHelper.java:133)
at org.testng.internal.MethodInvocationHelper.invokeMethodConsideringTimeout(MethodInvocationHelper.java:62)
at org.testng.internal.ConfigInvoker.invokeConfigurationMethod(ConfigInvoker.java:385)
at org.testng.internal.ConfigInvoker.invokeConfigurations(ConfigInvoker.java:321)
at org.testng.internal.TestInvoker.runConfigMethods(TestInvoker.java:700)
at org.testng.internal.TestInvoker.invokeMethod(TestInvoker.java:527)
at org.testng.internal.TestInvoker.invokeTestMethod(TestInvoker.java:173)
at org.testng.internal.MethodRunner.runInSequence(MethodRunner.java:46)
at org.testng.internal.TestInvoker$MethodInvocationAgent.invoke(TestInvoker.java:824)
at org.testng.internal.TestInvoker.invokeTestMethods(TestInvoker.java:146)
at org.testng.internal.TestMethodWorker.invokeTestMethods(TestMethodWorker.java:146)
at org.testng.internal.TestMethodWorker.run(TestMethodWorker.java:128)
at java.base/java.util.ArrayList.forEach(ArrayList.java:1511)
at org.testng.TestRunner.privateRun(TestRunner.java:794)
at org.testng.TestRunner.run(TestRunner.java:596)
at org.testng.SuiteRunner.runTest(SuiteRunner.java:377)
at org.testng.SuiteRunner.runSequentially(SuiteRunner.java:371)
at org.testng.SuiteRunner.privateRun(SuiteRunner.java:332)
at org.testng.SuiteRunner.run(SuiteRunner.java:276)
at org.testng.SuiteRunnerWorker.runSuite(SuiteRunnerWorker.java:53)
at org.testng.SuiteRunnerWorker.run(SuiteRunnerWorker.java:96)
at org.testng.TestNG.runSuitesSequentially(TestNG.java:1212)
at org.testng.TestNG.runSuitesLocally(TestNG.java:1134)
at org.testng.TestNG.runSuites(TestNG.java:1063)
at org.testng.TestNG.run(TestNG.java:1031)
at org.testng.remote.AbstractRemoteTestNG.run(AbstractRemoteTestNG.java:115)
at org.testng.remote.RemoteTestNG.initAndRun(RemoteTestNG.java:251)
at org.testng.remote.RemoteTestNG.main(RemoteTestNG.java:77)
Caused by: org.openqa.selenium.NoSuchElementException: no such element: Unable to locate element: {"method":"xpath","selector":"//button[normalize-space()='View Profile']"}
  (Session info: chrome=134.0.6998.166)
For documentation on this error, please visit: https://www.selenium.dev/documentation/webdriver/troubleshooting/errors#no-such-element-exception
Build info: version: '4.10.0', revision: 'c14d967899'
System info: os.name: 'Windows 10', os.arch: 'amd64', os.version: '10.0', java.version: '17.0.9'
Driver info: org.openqa.selenium.chrome.ChromeDriver
Command: [43bf54bd346ecbef7acdb23ff85e90d7, findElement {using=xpath, value=//button[normalize-space()='View Profile']}]
Capabilities {acceptInsecureCerts: false, browserName: chrome, browserVersion: 134.0.6998.166, chrome: {chromedriverVersion: 134.0.6998.165 (fd886e2cb29..., userDataDir: C:\Users\Insemi\AppData\Loc...}, fedcm:accounts: true, goog:chromeOptions: {debuggerAddress: localhost:56076}, networkConnectionEnabled: false, pageLoadStrategy: normal, platformName: windows, proxy: Proxy(), se:cdp: ws://localhost:56076/devtoo..., se:cdpVersion: 134.0.6998.166, setWindowRect: true, strictFileInteractability: false, timeouts: {implicit: 0, pageLoad: 300000, script: 30000}, unhandledPromptBehavior: dismiss and notify, webauthn:extension:credBlob: true, webauthn:extension:largeBlob: true, webauthn:extension:minPinLength: true, webauthn:extension:prf: true, webauthn:virtualAuthenticators: true}
Session ID: 43bf54bd346ecbef7acdb23ff85e90d7
at java.base/jdk.internal.reflect.NativeConstructorAccessorImpl.newInstance0(Native Method)
at java.base/jdk.internal.reflect.NativeConstructorAccessorImpl.newInstance(NativeConstructorAccessorImpl.java:77)
at java.base/jdk.internal.reflect.DelegatingConstructorAccessorImpl.newInstance(DelegatingConstructorAccessorImpl.java:45)
at java.base/java.lang.reflect.Constructor.newInstanceWithCaller(Constructor.java:499)
at java.base/java.lang.reflect.Constructor.newInstance(Constructor.java:480)
at org.openqa.selenium.remote.codec.w3c.W3CHttpResponseCodec.createException(W3CHttpResponseCodec.java:199)
at org.openqa.selenium.remote.codec.w3c.W3CHttpResponseCodec.decode(W3CHttpResponseCodec.java:132)
at org.openqa.selenium.remote.codec.w3c.W3CHttpResponseCodec.decode(W3CHttpResponseCodec.java:51)
at org.openqa.selenium.remote.HttpCommandExecutor.execute(HttpCommandExecutor.java:191)
at org.openqa.selenium.remote.service.DriverCommandExecutor.invokeExecute(DriverCommandExecutor.java:196)
at org.openqa.selenium.remote.service.DriverCommandExecutor.execute(DriverCommandExecutor.java:171)
at org.openqa.selenium.remote.RemoteWebDriver.execute(RemoteWebDriver.java:531)
at org.openqa.selenium.remote.ElementLocation$ElementFinder$2.findElement(ElementLocation.java:165)
at org.openqa.selenium.remote.ElementLocation.findElement(ElementLocation.java:59)
at org.openqa.selenium.remote.RemoteWebDriver.findElement(RemoteWebDriver.java:350)
at org.openqa.selenium.remote.RemoteWebDriver.findElement(RemoteWebDriver.java:344)
at org.openqa.selenium.support.pagefactory.DefaultElementLocator.findElement(DefaultElementLocator.java:68)
at org.openqa.selenium.support.pagefactory.internal.LocatingElementHandler.invoke(LocatingElementHandler.java:38)
at jdk.proxy2/jdk.proxy2.$Proxy20.isDisplayed(Unknown Source)
at org.openqa.selenium.support.ui.ExpectedConditions.elementIfVisible(ExpectedConditions.java:304)
at org.openqa.selenium.support.ui.ExpectedConditions.access$000(ExpectedConditions.java:37)
at org.openqa.selenium.support.ui.ExpectedConditions$10.apply(ExpectedConditions.java:290)
at org.openqa.selenium.support.ui.ExpectedConditions$10.apply(ExpectedConditions.java:287)
at org.openqa.selenium.support.ui.FluentWait.until(FluentWait.java:205)
... 34 more
]]>
    </error>
  </testcase> <!-- perform_loginFor_QAaccount_allAccess -->
  <system-out/>
  <testcase classname="testcases.Headermenu_TC" name="mouseHover_Header_Apps_visibilityCheck_of_Timesheet" time="9.899"/>
  <system-out/>
  <testcase classname="testcases.Headermenu_TC" name="verify_redirection_AND_LandingPageValue_Timesheet" time="9.572"/>
  <system-out/>
  <testcase classname="testcases.Headermenu_TC" name="mouseHover_Header_Apps_visibilityCheck_of_Leaves" time="9.454"/>
  <system-out/>
  <testcase classname="testcases.Headermenu_TC" name="verify_redirection_AND_LandingPageValue_ApplyLeaves" time="10.114"/>
  <system-out/>
  <testcase classname="testcases.Headermenu_TC" name="verify_redirection_AND_LandingPageValue_MyLeaveHistory" time="10.686"/>
  <system-out/>
  <testcase classname="testcases.Headermenu_TC" name="verify_redirection_AND_LandingPageValue_ForMyApproval" time="11.238"/>
  <system-out/>
  <testcase classname="testcases.Headermenu_TC" name="mouseHover_Header_Apps_visibilityCheck_of_GroupChange" time="5.875"/>
  <system-out/>
  <testcase classname="testcases.Headermenu_TC" name="verify_redirection_AND_LandingPageValue_GroupChange" time="10.633"/>
  <system-out/>
  <testcase classname="testcases.Headermenu_TC" name="mouseHover_Header_Apps_visibilityCheck_of_MyBills" time="7.316"/>
  <system-out/>
  <testcase classname="testcases.Headermenu_TC" name="verify_redirection_AND_LandingPageValue_MyBills_CreateNewRequest" time="8.113"/>
  <system-out/>
  <testcase classname="testcases.Headermenu_TC" name="verify_redirection_AND_LandingPageValue_MyBills_MyBillsHistory" time="9.388"/>
  <system-out/>
  <testcase classname="testcases.Headermenu_TC" name="verify_redirection_AND_LandingPageValue_MyBills_BuApproval" time="9.340"/>
  <system-out/>
  <testcase classname="testcases.Headermenu_TC" name="verify_redirection_AND_LandingPageValue_MyBills_BuHistory" time="10.014"/>
  <system-out/>
  <testcase classname="testcases.Headermenu_TC" name="verify_redirection_AND_LandingPageValue_MyBills_Category" time="11.899"/>
  <system-out/>
  <testcase classname="testcases.Headermenu_TC" name="verify_redirection_AND_LandingPageValue_MyBills_DepartmentApproval" time="11.529"/>
  <system-out/>
  <testcase classname="testcases.Headermenu_TC" name="verify_redirection_AND_LandingPageValue_MyBills_DepartmentHistory" time="11.211"/>
  <system-out/>
  <testcase classname="testcases.Headermenu_TC" name="verify_redirection_AND_LandingPageValue_MyBills_FinanceApproval" time="11.151"/>
  <system-out/>
  <testcase classname="testcases.Headermenu_TC" name="verify_redirection_AND_LandingPageValue_MyBills_FinanceHistory" time="12.647">
    <error message="no such element: Unable to locate element: {&quot;method&quot;:&quot;xpath&quot;,&quot;selector&quot;:&quot;(//p[normalize-space()=&#039;My Bills&#039;])[1]&quot;}
  (Session info: chrome=134.0.6998.166)
For documentation on this error, please visit: https://www.selenium.dev/documentation/webdriver/troubleshooting/errors#no-such-element-exception
Build info: version: &#039;4.10.0&#039;, revision: &#039;c14d967899&#039;
System info: os.name: &#039;Windows 10&#039;, os.arch: &#039;amd64&#039;, os.version: &#039;10.0&#039;, java.version: &#039;17.0.9&#039;
Driver info: org.openqa.selenium.chrome.ChromeDriver
Command: [1567e87c9b0bdc5593f3ad593ad49c5e, findElement {using=xpath, value=(//p[normalize-space()=&#039;My Bills&#039;])[1]}]
Capabilities {acceptInsecureCerts: false, browserName: chrome, browserVersion: 134.0.6998.166, chrome: {chromedriverVersion: 134.0.6998.165 (fd886e2cb29..., userDataDir: C:\Users\Insemi\AppData\Loc...}, fedcm:accounts: true, goog:chromeOptions: {debuggerAddress: localhost:55962}, networkConnectionEnabled: false, pageLoadStrategy: normal, platformName: windows, proxy: Proxy(), se:cdp: ws://localhost:55962/devtoo..., se:cdpVersion: 134.0.6998.166, setWindowRect: true, strictFileInteractability: false, timeouts: {implicit: 0, pageLoad: 300000, script: 30000}, unhandledPromptBehavior: dismiss and notify, webauthn:extension:credBlob: true, webauthn:extension:largeBlob: true, webauthn:extension:minPinLength: true, webauthn:extension:prf: true, webauthn:virtualAuthenticators: true}
Session ID: 1567e87c9b0bdc5593f3ad593ad49c5e" type="org.openqa.selenium.NoSuchElementException">
      <![CDATA[org.openqa.selenium.NoSuchElementException: no such element: Unable to locate element: {"method":"xpath","selector":"(//p[normalize-space()='My Bills'])[1]"}
  (Session info: chrome=134.0.6998.166)
For documentation on this error, please visit: https://www.selenium.dev/documentation/webdriver/troubleshooting/errors#no-such-element-exception
Build info: version: '4.10.0', revision: 'c14d967899'
System info: os.name: 'Windows 10', os.arch: 'amd64', os.version: '10.0', java.version: '17.0.9'
Driver info: org.openqa.selenium.chrome.ChromeDriver
Command: [1567e87c9b0bdc5593f3ad593ad49c5e, findElement {using=xpath, value=(//p[normalize-space()='My Bills'])[1]}]
Capabilities {acceptInsecureCerts: false, browserName: chrome, browserVersion: 134.0.6998.166, chrome: {chromedriverVersion: 134.0.6998.165 (fd886e2cb29..., userDataDir: C:\Users\Insemi\AppData\Loc...}, fedcm:accounts: true, goog:chromeOptions: {debuggerAddress: localhost:55962}, networkConnectionEnabled: false, pageLoadStrategy: normal, platformName: windows, proxy: Proxy(), se:cdp: ws://localhost:55962/devtoo..., se:cdpVersion: 134.0.6998.166, setWindowRect: true, strictFileInteractability: false, timeouts: {implicit: 0, pageLoad: 300000, script: 30000}, unhandledPromptBehavior: dismiss and notify, webauthn:extension:credBlob: true, webauthn:extension:largeBlob: true, webauthn:extension:minPinLength: true, webauthn:extension:prf: true, webauthn:virtualAuthenticators: true}
Session ID: 1567e87c9b0bdc5593f3ad593ad49c5e
at java.base/jdk.internal.reflect.NativeConstructorAccessorImpl.newInstance0(Native Method)
at java.base/jdk.internal.reflect.NativeConstructorAccessorImpl.newInstance(NativeConstructorAccessorImpl.java:77)
at java.base/jdk.internal.reflect.DelegatingConstructorAccessorImpl.newInstance(DelegatingConstructorAccessorImpl.java:45)
at java.base/java.lang.reflect.Constructor.newInstanceWithCaller(Constructor.java:499)
at java.base/java.lang.reflect.Constructor.newInstance(Constructor.java:480)
at org.openqa.selenium.remote.codec.w3c.W3CHttpResponseCodec.createException(W3CHttpResponseCodec.java:199)
at org.openqa.selenium.remote.codec.w3c.W3CHttpResponseCodec.decode(W3CHttpResponseCodec.java:132)
at org.openqa.selenium.remote.codec.w3c.W3CHttpResponseCodec.decode(W3CHttpResponseCodec.java:51)
at org.openqa.selenium.remote.HttpCommandExecutor.execute(HttpCommandExecutor.java:191)
at org.openqa.selenium.remote.service.DriverCommandExecutor.invokeExecute(DriverCommandExecutor.java:196)
at org.openqa.selenium.remote.service.DriverCommandExecutor.execute(DriverCommandExecutor.java:171)
at org.openqa.selenium.remote.RemoteWebDriver.execute(RemoteWebDriver.java:531)
at org.openqa.selenium.remote.ElementLocation$ElementFinder$2.findElement(ElementLocation.java:165)
at org.openqa.selenium.remote.ElementLocation.findElement(ElementLocation.java:59)
at org.openqa.selenium.remote.RemoteWebDriver.findElement(RemoteWebDriver.java:350)
at org.openqa.selenium.remote.RemoteWebDriver.findElement(RemoteWebDriver.java:344)
at org.openqa.selenium.support.pagefactory.DefaultElementLocator.findElement(DefaultElementLocator.java:68)
at org.openqa.selenium.support.pagefactory.internal.LocatingElementHandler.invoke(LocatingElementHandler.java:38)
at jdk.proxy2/jdk.proxy2.$Proxy20.click(Unknown Source)
at utils.GeneralUtilities.element_Click(GeneralUtilities.java:55)
at pageObjects.header.Headermenus_PG.get_LandingPageValue_MyBills_FinanceHistory(Headermenus_PG.java:257)
at testcases.Headermenu_TC.verify_redirection_AND_LandingPageValue_MyBills_FinanceHistory(Headermenu_TC.java:404)
at java.base/jdk.internal.reflect.NativeMethodAccessorImpl.invoke0(Native Method)
at java.base/jdk.internal.reflect.NativeMethodAccessorImpl.invoke(NativeMethodAccessorImpl.java:77)
at java.base/jdk.internal.reflect.DelegatingMethodAccessorImpl.invoke(DelegatingMethodAccessorImpl.java:43)
at java.base/java.lang.reflect.Method.invoke(Method.java:568)
at org.testng.internal.MethodInvocationHelper.invokeMethod(MethodInvocationHelper.java:133)
at org.testng.internal.TestInvoker.invokeMethod(TestInvoker.java:598)
at org.testng.internal.TestInvoker.invokeTestMethod(TestInvoker.java:173)
at org.testng.internal.MethodRunner.runInSequence(MethodRunner.java:46)
at org.testng.internal.TestInvoker$MethodInvocationAgent.invoke(TestInvoker.java:824)
at org.testng.internal.TestInvoker.invokeTestMethods(TestInvoker.java:146)
at org.testng.internal.TestMethodWorker.invokeTestMethods(TestMethodWorker.java:146)
at org.testng.internal.TestMethodWorker.run(TestMethodWorker.java:128)
at java.base/java.util.ArrayList.forEach(ArrayList.java:1511)
at org.testng.TestRunner.privateRun(TestRunner.java:794)
at org.testng.TestRunner.run(TestRunner.java:596)
at org.testng.SuiteRunner.runTest(SuiteRunner.java:377)
at org.testng.SuiteRunner.runSequentially(SuiteRunner.java:371)
at org.testng.SuiteRunner.privateRun(SuiteRunner.java:332)
at org.testng.SuiteRunner.run(SuiteRunner.java:276)
at org.testng.SuiteRunnerWorker.runSuite(SuiteRunnerWorker.java:53)
at org.testng.SuiteRunnerWorker.run(SuiteRunnerWorker.java:96)
at org.testng.TestNG.runSuitesSequentially(TestNG.java:1212)
at org.testng.TestNG.runSuitesLocally(TestNG.java:1134)
at org.testng.TestNG.runSuites(TestNG.java:1063)
at org.testng.TestNG.run(TestNG.java:1031)
at org.testng.remote.AbstractRemoteTestNG.run(AbstractRemoteTestNG.java:115)
at org.testng.remote.RemoteTestNG.initAndRun(RemoteTestNG.java:251)
at org.testng.remote.RemoteTestNG.main(RemoteTestNG.java:77)
]]>
    </error>
  </testcase> <!-- verify_redirection_AND_LandingPageValue_MyBills_FinanceHistory -->
  <system-out/>
  <testcase classname="testcases.Headermenu_TC" name="mouseHover_Header_Apps_visibilityCheck_of_GandR" time="5.994"/>
  <system-out/>
  <testcase classname="testcases.Headermenu_TC" name="verify_redirection_AND_LandingPageValue_GandR_Initiation" time="7.033"/>
  <system-out/>
  <testcase classname="testcases.Headermenu_TC" name="verify_redirection_AND_LandingPageValue_GandR_MyGoals" time="0.001">
    <skipped/>
  </testcase> <!-- verify_redirection_AND_LandingPageValue_GandR_MyGoals -->
  <system-out/>
  <testcase classname="testcases.Headermenu_TC" name="verify_redirection_AND_LandingPageValue_GandR_RatingPending" time="0.000">
    <skipped/>
  </testcase> <!-- verify_redirection_AND_LandingPageValue_GandR_RatingPending -->
  <system-out/>
  <testcase classname="testcases.Headermenu_TC" name="verify_redirection_AND_LandingPageValue_GandR_AddCustomGoals" time="0.001">
    <skipped/>
  </testcase> <!-- verify_redirection_AND_LandingPageValue_GandR_AddCustomGoals -->
  <system-out/>
  <testcase classname="testcases.Headermenu_TC" name="mouseHover_Header_Apps_visibilityCheck_of_MyReferral" time="0.237">
    <skipped/>
  </testcase> <!-- mouseHover_Header_Apps_visibilityCheck_of_MyReferral -->
  <system-out/>
  <testcase classname="testcases.Headermenu_TC" name="verify_redirection_AND_LandingPageValue_MyReferral_ReferralProgram" time="0.192">
    <skipped/>
  </testcase> <!-- verify_redirection_AND_LandingPageValue_MyReferral_ReferralProgram -->
  <system-out/>
  <testcase classname="testcases.Headermenu_TC" name="verify_redirection_AND_LandingPageValue_MyReferral_ReferredList" time="0.000">
    <skipped/>
  </testcase> <!-- verify_redirection_AND_LandingPageValue_MyReferral_ReferredList -->
  <system-out/>
  <testcase classname="testcases.Headermenu_TC" name="mouseHover_Header_Apps_visibilityCheck_of_Helpdesk" time="0.001">
    <skipped/>
  </testcase> <!-- mouseHover_Header_Apps_visibilityCheck_of_Helpdesk -->
  <system-out/>
  <testcase classname="testcases.Headermenu_TC" name="verify_redirection_AND_LandingPageValue_Helpdesk" time="0.001">
    <skipped/>
  </testcase> <!-- verify_redirection_AND_LandingPageValue_Helpdesk -->
  <system-out/>
  <testcase classname="testcases.Headermenu_TC" name="mouseHover_Header_Apps_visibilityCheck_of_EMS" time="0.000">
    <skipped/>
  </testcase> <!-- mouseHover_Header_Apps_visibilityCheck_of_EMS -->
  <system-out/>
  <testcase classname="testcases.Headermenu_TC" name="verify_redirection_AND_LandingPageValue_EMS_resignationList" time="0.206">
    <skipped/>
  </testcase> <!-- verify_redirection_AND_LandingPageValue_EMS_resignationList -->
  <system-out/>
  <testcase classname="testcases.Headermenu_TC" name="verify_redirection_AND_LandingPageValue_EMS_LwdRequestList" time="0.000">
    <skipped/>
  </testcase> <!-- verify_redirection_AND_LandingPageValue_EMS_LwdRequestList -->
  <system-out/>
  <testcase classname="testcases.Headermenu_TC" name="verify_redirection_AND_LandingPageValue_EMS_RelievingClearance" time="0.001">
    <skipped/>
  </testcase> <!-- verify_redirection_AND_LandingPageValue_EMS_RelievingClearance -->
  <system-out/>
  <testcase classname="testcases.Headermenu_TC" name="verify_redirection_AND_LandingPageValue_EMS_LetterApproval" time="0.184">
    <skipped/>
  </testcase> <!-- verify_redirection_AND_LandingPageValue_EMS_LetterApproval -->
  <system-out/>
  <testcase classname="testcases.Headermenu_TC" name="verify_redirection_AND_LandingPageValue_EMS_ClearanceAssignment" time="0.173">
    <skipped/>
  </testcase> <!-- verify_redirection_AND_LandingPageValue_EMS_ClearanceAssignment -->
  <system-out/>
  <testcase classname="testcases.Headermenu_TC" name="verify_redirection_AND_LandingPageValue_EMS_ResignationbehalfEmp" time="0.007">
    <skipped/>
  </testcase> <!-- verify_redirection_AND_LandingPageValue_EMS_ResignationbehalfEmp -->
  <system-out/>
  <testcase classname="testcases.Headermenu_TC" name="verify_redirection_AND_LandingPageValue_EMS_Termination" time="0.000">
    <skipped/>
  </testcase> <!-- verify_redirection_AND_LandingPageValue_EMS_Termination -->
  <system-out/>
  <testcase classname="testcases.Headermenu_TC" name="verify_redirection_AND_LandingPageValue_EMS_TerminationList" time="0.000">
    <skipped/>
  </testcase> <!-- verify_redirection_AND_LandingPageValue_EMS_TerminationList -->
  <system-out/>
  <testcase classname="testcases.Headermenu_TC" name="verify_redirection_AND_LandingPageValue_EMS_Resignation" time="0.000">
    <skipped/>
  </testcase> <!-- verify_redirection_AND_LandingPageValue_EMS_Resignation -->
  <system-out/>
  <testcase classname="testcases.Headermenu_TC" name="mouseHover_Header_Apps_visibilityCheck_of_Users" time="0.935">
    <skipped/>
  </testcase> <!-- mouseHover_Header_Apps_visibilityCheck_of_Users -->
  <system-out/>
  <testcase classname="testcases.Headermenu_TC" name="verify_redirection_AND_LandingPageValue_Users_UsersList" time="0.177">
    <skipped/>
  </testcase> <!-- verify_redirection_AND_LandingPageValue_Users_UsersList -->
  <system-out/>
  <testcase classname="testcases.Headermenu_TC" name="mouseHover_Header_Apps_visibilityCheck_of_HrAdmin" time="0.000">
    <skipped/>
  </testcase> <!-- mouseHover_Header_Apps_visibilityCheck_of_HrAdmin -->
  <system-out/>
  <testcase classname="testcases.Headermenu_TC" name="verify_redirection_AND_LandingPageValue_HrAdmin_Jobs" time="0.000">
    <skipped/>
  </testcase> <!-- verify_redirection_AND_LandingPageValue_HrAdmin_Jobs -->
  <system-out/>
  <testcase classname="testcases.Headermenu_TC" name="verify_redirection_AND_LandingPageValue_HrAdmin_Candidates" time="0.001">
    <skipped/>
  </testcase> <!-- verify_redirection_AND_LandingPageValue_HrAdmin_Candidates -->
  <system-out/>
  <testcase classname="testcases.Headermenu_TC" name="verify_redirection_AND_LandingPageValue_HrAdmin_OfferApproval" time="0.001">
    <skipped/>
  </testcase> <!-- verify_redirection_AND_LandingPageValue_HrAdmin_OfferApproval -->
  <system-out/>
  <testcase classname="testcases.Headermenu_TC" name="mouseHover_Header_Apps_visibilityCheck_of_Hiring" time="0.000">
    <skipped/>
  </testcase> <!-- mouseHover_Header_Apps_visibilityCheck_of_Hiring -->
  <system-out/>
  <testcase classname="testcases.Headermenu_TC" name="verify_redirection_AND_LandingPageValue_Hiring_OfferApproval_mg1" time="0.001">
    <skipped/>
  </testcase> <!-- verify_redirection_AND_LandingPageValue_Hiring_OfferApproval_mg1 -->
  <system-out/>
  <testcase classname="testcases.Headermenu_TC" name="verify_redirection_AND_LandingPageValue_Hiring_OfferApproval_mg2" time="0.001">
    <skipped/>
  </testcase> <!-- verify_redirection_AND_LandingPageValue_Hiring_OfferApproval_mg2 -->
  <system-out/>
  <testcase classname="testcases.Headermenu_TC" name="verify_redirection_AND_LandingPageValue_Hiring_OfferApproval_CDO" time="0.001">
    <skipped/>
  </testcase> <!-- verify_redirection_AND_LandingPageValue_Hiring_OfferApproval_CDO -->
  <system-out/>
  <testcase classname="testcases.Headermenu_TC" name="verify_redirection_AND_LandingPageValue_Hiring_JobApproval" time="0.552">
    <skipped/>
  </testcase> <!-- verify_redirection_AND_LandingPageValue_Hiring_JobApproval -->
  <system-out/>
  <testcase classname="testcases.Headermenu_TC" name="mouseHover_Header_Apps_visibilityCheck_of_Recruitment" time="0.000">
    <skipped/>
  </testcase> <!-- mouseHover_Header_Apps_visibilityCheck_of_Recruitment -->
  <system-out/>
  <testcase classname="testcases.Headermenu_TC" name="verify_redirection_AND_LandingPageValue_Recruitment_Jobs" time="0.000">
    <skipped/>
  </testcase> <!-- verify_redirection_AND_LandingPageValue_Recruitment_Jobs -->
  <system-out/>
  <testcase classname="testcases.Headermenu_TC" name="verify_redirection_AND_LandingPageValue_Recruitment_MyCandidates" time="0.000">
    <skipped/>
  </testcase> <!-- verify_redirection_AND_LandingPageValue_Recruitment_MyCandidates -->
  <system-out/>
  <testcase classname="testcases.Headermenu_TC" name="mouseHover_Header_Apps_visibilityCheck_of_CvBank" time="0.001">
    <skipped/>
  </testcase> <!-- mouseHover_Header_Apps_visibilityCheck_of_CvBank -->
  <system-out/>
  <testcase classname="testcases.Headermenu_TC" name="verify_redirection_AND_LandingPageValue_CvBank" time="0.000">
    <skipped/>
  </testcase> <!-- verify_redirection_AND_LandingPageValue_CvBank -->
  <system-out/>
  <testcase classname="testcases.Headermenu_TC" name="mouseHover_Header_Apps_visibilityCheck_of_Onboarding" time="0.001">
    <skipped/>
  </testcase> <!-- mouseHover_Header_Apps_visibilityCheck_of_Onboarding -->
  <system-out/>
  <testcase classname="testcases.Headermenu_TC" name="verify_redirection_AND_LandingPageValue_Onboarding" time="0.001">
    <skipped/>
  </testcase> <!-- verify_redirection_AND_LandingPageValue_Onboarding -->
  <system-out/>
  <testcase classname="testcases.Headermenu_TC" name="mouseHover_Header_Apps_visibilityCheck_of_Travel" time="0.171">
    <skipped/>
  </testcase> <!-- mouseHover_Header_Apps_visibilityCheck_of_Travel -->
  <system-out/>
  <testcase classname="testcases.Headermenu_TC" name="verify_redirection_AND_LandingPageValue_Travel_Createrequest_Travel" time="0.472">
    <skipped/>
  </testcase> <!-- verify_redirection_AND_LandingPageValue_Travel_Createrequest_Travel -->
  <system-out/>
  <testcase classname="testcases.Headermenu_TC" name="verify_redirection_AND_LandingPageValue_Travel_Createrequest_Accomodation" time="0.001">
    <skipped/>
  </testcase> <!-- verify_redirection_AND_LandingPageValue_Travel_Createrequest_Accomodation -->
  <system-out/>
  <testcase classname="testcases.Headermenu_TC" name="verify_redirection_AND_LandingPageValue_Travel_Createrequest_TravelAndAccomodation" time="0.000">
    <skipped/>
  </testcase> <!-- verify_redirection_AND_LandingPageValue_Travel_Createrequest_TravelAndAccomodation -->
  <system-out/>
  <testcase classname="testcases.Headermenu_TC" name="verify_redirection_AND_LandingPageValue_Travel_Myrequests" time="0.001">
    <skipped/>
  </testcase> <!-- verify_redirection_AND_LandingPageValue_Travel_Myrequests -->
  <system-out/>
  <testcase classname="testcases.Headermenu_TC" name="verify_redirection_AND_LandingPageValue_Travel_ForMyApproval" time="0.187">
    <skipped/>
  </testcase> <!-- verify_redirection_AND_LandingPageValue_Travel_ForMyApproval -->
  <system-out/>
  <testcase classname="testcases.Headermenu_TC" name="verify_redirection_AND_LandingPageValue_Travel_FlightApprovalList" time="0.236">
    <skipped/>
  </testcase> <!-- verify_redirection_AND_LandingPageValue_Travel_FlightApprovalList -->
  <system-out/>
  <testcase classname="testcases.Headermenu_TC" name="verify_redirection_AND_LandingPageValue_Travel_TravelBookingList" time="0.181">
    <skipped/>
  </testcase> <!-- verify_redirection_AND_LandingPageValue_Travel_TravelBookingList -->
  <system-out/>
  <testcase classname="testcases.Headermenu_TC" name="verify_redirection_AND_LandingPageValue_Travel_AccommodationBooking" time="0.001">
    <skipped/>
  </testcase> <!-- verify_redirection_AND_LandingPageValue_Travel_AccommodationBooking -->
  <system-out/>
  <testcase classname="testcases.Headermenu_TC" name="verify_redirection_AND_LandingPageValue_Travel_MasterLocation" time="0.002">
    <skipped/>
  </testcase> <!-- verify_redirection_AND_LandingPageValue_Travel_MasterLocation -->
  <system-out/>
  <testcase classname="testcases.Headermenu_TC" name="mouseHover_Header_Apps_visibilityCheck_of_Asset" time="0.000">
    <skipped/>
  </testcase> <!-- mouseHover_Header_Apps_visibilityCheck_of_Asset -->
  <system-out/>
  <testcase classname="testcases.Headermenu_TC" name="verify_redirection_AND_LandingPageValue_Asset_ItBuApproval" time="0.001">
    <skipped/>
  </testcase> <!-- verify_redirection_AND_LandingPageValue_Asset_ItBuApproval -->
  <system-out/>
  <testcase classname="testcases.Headermenu_TC" name="verify_redirection_AND_LandingPageValue_Asset_Assetprocurement" time="0.181">
    <skipped/>
  </testcase> <!-- verify_redirection_AND_LandingPageValue_Asset_Assetprocurement -->
  <system-out/>
  <testcase classname="testcases.Headermenu_TC" name="verify_redirection_AND_LandingPageValue_Asset_AssetNumberAllocation" time="0.265">
    <skipped/>
  </testcase> <!-- verify_redirection_AND_LandingPageValue_Asset_AssetNumberAllocation -->
  <system-out/>
  <testcase classname="testcases.Headermenu_TC" name="verify_redirection_AND_LandingPageValue_Asset_AllocationRequest" time="0.000">
    <skipped/>
  </testcase> <!-- verify_redirection_AND_LandingPageValue_Asset_AllocationRequest -->
  <system-out/>
  <testcase classname="testcases.Headermenu_TC" name="verify_redirection_AND_LandingPageValue_Asset_ReturnAsset" time="0.000">
    <skipped/>
  </testcase> <!-- verify_redirection_AND_LandingPageValue_Asset_ReturnAsset -->
  <system-out/>
  <testcase classname="testcases.Headermenu_TC" name="verify_redirection_AND_LandingPageValue_Asset_ReplaceAsset" time="0.000">
    <skipped/>
  </testcase> <!-- verify_redirection_AND_LandingPageValue_Asset_ReplaceAsset -->
  <system-out/>
  <testcase classname="testcases.Headermenu_TC" name="mouseHover_Header_Apps_visibilityCheck_of_LandD" time="0.172">
    <skipped/>
  </testcase> <!-- mouseHover_Header_Apps_visibilityCheck_of_LandD -->
  <system-out/>
  <testcase classname="testcases.Headermenu_TC" name="verify_redirection_AND_LandingPageValue_LandD_QuestionSetup" time="0.000">
    <skipped/>
  </testcase> <!-- verify_redirection_AND_LandingPageValue_LandD_QuestionSetup -->
  <system-out/>
  <testcase classname="testcases.Headermenu_TC" name="verify_redirection_AND_LandingPageValue_LandD_AllocationAndEvaluation" time="0.000">
    <skipped/>
  </testcase> <!-- verify_redirection_AND_LandingPageValue_LandD_AllocationAndEvaluation -->
  <system-out/>
  <testcase classname="testcases.Headermenu_TC" name="verify_redirection_AND_LandingPageValue_LandD_Reports" time="0.001">
    <skipped/>
  </testcase> <!-- verify_redirection_AND_LandingPageValue_LandD_Reports -->
  <system-out/>
  <testcase classname="testcases.Headermenu_TC" name="mouseHover_Header_Apps_visibilityCheck_of_ManagerFB" time="0.184">
    <skipped/>
  </testcase> <!-- mouseHover_Header_Apps_visibilityCheck_of_ManagerFB -->
  <system-out/>
  <testcase classname="testcases.Headermenu_TC" name="verify_redirection_AND_LandingPageValue_ManagerFB_Admin" time="0.185">
    <skipped/>
  </testcase> <!-- verify_redirection_AND_LandingPageValue_ManagerFB_Admin -->
  <system-out/>
  <testcase classname="testcases.Headermenu_TC" name="verify_redirection_AND_LandingPageValue_ManagerFB_AdminView" time="0.000">
    <skipped/>
  </testcase> <!-- verify_redirection_AND_LandingPageValue_ManagerFB_AdminView -->
  <system-out/>
  <testcase classname="testcases.Headermenu_TC" name="verify_redirection_AND_LandingPageValue_ManagerFB_RmPage" time="0.000">
    <skipped/>
  </testcase> <!-- verify_redirection_AND_LandingPageValue_ManagerFB_RmPage -->
  <system-out/>
  <testcase classname="testcases.Headermenu_TC" name="verify_redirection_AND_LandingPageValue_ManagerFB_ManagementView" time="0.724">
    <skipped/>
  </testcase> <!-- verify_redirection_AND_LandingPageValue_ManagerFB_ManagementView -->
  <system-out/>
  <testcase classname="testcases.Headermenu_TC" name="verify_redirection_AND_LandingPageValue_ManagerFB_HrHeadView" time="0.001">
    <skipped/>
  </testcase> <!-- verify_redirection_AND_LandingPageValue_ManagerFB_HrHeadView -->
  <system-out/>
  <testcase classname="testcases.Headermenu_TC" name="verify_redirection_AND_LandingPageValue_ManagerFB_EmployeeFeedback" time="0.002">
    <skipped/>
  </testcase> <!-- verify_redirection_AND_LandingPageValue_ManagerFB_EmployeeFeedback -->
  <system-out/>
  <testcase classname="testcases.Headermenu_TC" name="verify_redirection_AND_LandingPageValue_ManagerFB_BuPage" time="0.000">
    <skipped/>
  </testcase> <!-- verify_redirection_AND_LandingPageValue_ManagerFB_BuPage -->
  <system-out/>
</testsuite> <!-- testcases.Headermenu_TC -->
